node:internal/modules/cjs/loader:1404
  throw err;
  ^

Error: Cannot find module 'styled-jsx/package.json'
Require stack:
- C:\Project\MomoPe\momope_web\node_modules\next\dist\server\require-hook.js
- C:\Project\MomoPe\momope_web\node_modules\next\dist\bin\next
    at Function._resolveFilename (node:internal/modules/cjs/loader:1401:15)
    at resolve (node:internal/modules/helpers:145:19)
    at Object.<anonymous> (C:\Project\MomoPe\momope_web\node_modules\next\dist\server\require-hook.js:39:32)
    at Module._compile (node:internal/modules/cjs/loader:1730:14)
    at Object..js (node:internal/modules/cjs/loader:1895:10)
    at Module.load (node:internal/modules/cjs/loader:1465:32)
    at Function._load (node:internal/modules/cjs/loader:1282:12)
    at TracingChannel.traceSync (node:diagnostics_channel:322:14)
    at wrapModuleLoad (node:internal/modules/cjs/loader:235:24)
    at Module.require (node:internal/modules/cjs/loader:1487:12) {
  code: 'MODULE_NOT_FOUND',
  requireStack: [
    'C:\\Project\\MomoPe\\momope_web\\node_modules\\next\\dist\\server\\require-hook.js',
    'C:\\Project\\MomoPe\\momope_web\\node_modules\\next\\dist\\bin\\next'
  ]
}

Node.js v22.17.1
