
> backend@1.0.0 dev
> nodemon src/index.ts

[33m[nodemon] 3.1.11[39m
[33m[nodemon] to restart at any time, enter `rs`[39m
[33m[nodemon] watching path(s): *.*[39m
[33m[nodemon] watching extensions: ts,json[39m
[32m[nodemon] starting `ts-node src/index.ts`[39m
[dotenv@17.2.3] injecting env (8) from .env -- tip: ⚙️  enable debug logging with { debug: true }
[dotenv@17.2.3] injecting env (0) from .env -- tip: ⚙️  override existing env vars with { override: true }
Server is running on port 3000
Environment: development
SyntaxError: Expected property name or '}' in JSON at position 1 (line 1 column 2)
    at JSON.parse (<anonymous>)
    at parse (C:\Project\MomoPe\backend\node_modules\body-parser\lib\types\json.js:72:19)
    at C:\Project\MomoPe\backend\node_modules\body-parser\lib\read.js:162:18
    at AsyncResource.runInAsyncScope (node:async_hooks:214:14)
    at invokeCallback (C:\Project\MomoPe\backend\node_modules\raw-body\index.js:238:16)
    at done (C:\Project\MomoPe\backend\node_modules\raw-body\index.js:227:7)
    at IncomingMessage.onEnd (C:\Project\MomoPe\backend\node_modules\raw-body\index.js:287:7)
    at IncomingMessage.emit (node:events:518:28)
    at IncomingMessage.emit (node:domain:489:12)
    at endReadableNT (node:internal/streams/readable:1698:12)
[MOCK SMS] OTP for 9999999999 is 123456
SyntaxError: Expected property name or '}' in JSON at position 1 (line 1 column 2)
    at JSON.parse (<anonymous>)
    at parse (C:\Project\MomoPe\backend\node_modules\body-parser\lib\types\json.js:72:19)
    at C:\Project\MomoPe\backend\node_modules\body-parser\lib\read.js:162:18
    at AsyncResource.runInAsyncScope (node:async_hooks:214:14)
    at invokeCallback (C:\Project\MomoPe\backend\node_modules\raw-body\index.js:238:16)
    at done (C:\Project\MomoPe\backend\node_modules\raw-body\index.js:227:7)
    at IncomingMessage.onEnd (C:\Project\MomoPe\backend\node_modules\raw-body\index.js:287:7)
    at IncomingMessage.emit (node:events:518:28)
    at IncomingMessage.emit (node:domain:489:12)
    at endReadableNT (node:internal/streams/readable:1698:12)
[32m[nodemon] restarting child process[39m
[32m[nodemon] starting `ts-node src/index.ts`[39m
